Arguments: 
  C:\Program Files\nodejs\node.exe C:\Users\ewsgi\AppData\Roaming\npm\node_modules\yarn\bin\yarn.js config get npmScopes --json

PATH: 
  C:\Windows\system32;C:\Windows;C:\Windows\System32\Wbem;C:\Windows\System32\WindowsPowerShell\v1.0\;C:\Windows\System32\OpenSSH\;C:\Program Files\dotnet\;C:\Program Files (x86)\NVIDIA Corporation\PhysX\Common;C:\Program Files\NVIDIA Corporation\NVIDIA NvDLISR;C:\Program Files\nodejs\;C:\Program Files\PowerShell\7\;C:\Program Files\Git\cmd;C:\ProgramData\chocolatey\bin;C:\Users\ewsgi\AppData\Local\pnpm;C:\Users\ewsgi\AppData\Local\Programs\Python\Python37\Scripts\;C:\Users\ewsgi\AppData\Local\Programs\Python\Python37\;C:\Users\ewsgi\AppData\Local\Programs\Python\Python311\Scripts\;C:\Users\ewsgi\AppData\Local\Programs\Python\Python311\;C:\Users\ewsgi\AppData\Local\Microsoft\WindowsApps;C:\Users\ewsgi\AppData\Roaming\npm;C:\Users\ewsgi\AppData\Local\JetBrains\Toolbox\scripts;;C:\Users\ewsgi\AppData\Local\Programs\oh-my-posh\bin

Yarn version: 
  1.22.19

Node version: 
  18.13.0

Platform: 
  win32 x64

Trace: 
  SyntaxError: C:\Users\ewsgi\WebstormProjects\yourdash\electron\package.json: Unexpected token $ in JSON at position 72
      at JSON.parse (<anonymous>)
      at C:\Users\ewsgi\AppData\Roaming\npm\node_modules\yarn\lib\cli.js:1629:59
      at Generator.next (<anonymous>)
      at step (C:\Users\ewsgi\AppData\Roaming\npm\node_modules\yarn\lib\cli.js:310:30)
      at C:\Users\ewsgi\AppData\Roaming\npm\node_modules\yarn\lib\cli.js:321:13

npm manifest: 
  {
    "name": "$name$",
    "version": "$version$",
    "dependencies": {
      $END$
    }
  }

yarn manifest: 
  No manifest

Lockfile: 
  No lockfile
